<?xml version="1.0" encoding="UTF-8"?>
<!-- Generated by org.testng.reporters.JUnitXMLReporter -->
<testsuite ignored="0" hostname="LAPTOP-L8NLIIBA" failures="2" tests="2" name="Test" time="58.503" errors="0" timestamp="2026-07-20T13:54:35 IST">
  <testcase classname="LearningTestNG.LearningListener" name="demo" time="0.032">
    <failure type="java.lang.AssertionError" message="expected [] but found [ACOE Fireflink - Home - vtiger CRM 5 - Commercial Open Source CRM]">
      <![CDATA[java.lang.AssertionError: expected [] but found [ACOE Fireflink - Home - vtiger CRM 5 - Commercial Open Source CRM]
at LearningTestNG.LearningListener.demo(LearningListener.java:15)
at java.base/java.util.ArrayList.forEach(ArrayList.java:1596)
... Removed 31 stack frames]]>
    </failure>
  </testcase> <!-- demo -->
  <testcase classname="LearningTestNG.LearningListener" name="demo" time="4.862">
    <failure type="java.lang.NullPointerException" message="Cannot invoke &amp;quot;org.openqa.selenium.TakesScreenshot.getScreenshotAs(org.openqa.selenium.OutputType)&amp;quot; because &amp;quot;ts&amp;quot; is null">
      <![CDATA[java.lang.NullPointerException: Cannot invoke "org.openqa.selenium.TakesScreenshot.getScreenshotAs(org.openqa.selenium.OutputType)" because "ts" is null
at GenericLibrary.ListenerImplementation.onTestFailure(ListenerImplementation.java:19)
at java.base/java.util.ArrayList.forEach(ArrayList.java:1596)
... Removed 24 stack frames]]>
    </failure>
  </testcase> <!-- demo -->
</testsuite> <!-- Test -->
