<?xml version="1.0" encoding="UTF-8"?>
<!-- Generated by org.testng.reporters.JUnitXMLReporter -->
<testsuite ignored="0" hostname="LAPTOP-L8NLIIBA" failures="0" tests="3" name="Test" time="33.216" errors="0" timestamp="2026-07-14T12:42:35 IST">
  <testcase classname="BatchExecution.TS_02" name="createcontact" time="2.211"/>
  <testcase classname="BatchExecution.TS_03" name="createproduct" time="1.806"/>
  <testcase classname="BatchExecution.TS_01" name="create" time="5.375"/>
</testsuite> <!-- Test -->
