<?xml version="1.0" encoding="UTF-8"?>
<testng-results ignored="0" total="3" passed="3" failed="0" skipped="0">
  <reporter-output>
    <line>
      <![CDATA[Browser Opened]]>
    </line>
    <line>
      <![CDATA[Browser Maximized]]>
    </line>
    <line>
      <![CDATA[Nav to app via URL]]>
    </line>
    <line>
      <![CDATA[Entered un in Untxtfld]]>
    </line>
    <line>
      <![CDATA[Entered pswd in pswdtxtfld]]>
    </line>
    <line>
      <![CDATA[Click on thr login btn]]>
    </line>
    <line>
      <![CDATA[createcontact]]>
    </line>
    <line>
      <![CDATA[click on sign up button-signout]]>
    </line>
    <line>
      <![CDATA[Browser closed]]>
    </line>
    <line>
      <![CDATA[Browser Opened]]>
    </line>
    <line>
      <![CDATA[Browser Maximized]]>
    </line>
    <line>
      <![CDATA[Nav to app via URL]]>
    </line>
    <line>
      <![CDATA[Entered un in Untxtfld]]>
    </line>
    <line>
      <![CDATA[Entered pswd in pswdtxtfld]]>
    </line>
    <line>
      <![CDATA[Click on thr login btn]]>
    </line>
    <line>
      <![CDATA[createproduct]]>
    </line>
    <line>
      <![CDATA[click on sign up button-signout]]>
    </line>
    <line>
      <![CDATA[Browser closed]]>
    </line>
    <line>
      <![CDATA[Browser Opened]]>
    </line>
    <line>
      <![CDATA[Browser Maximized]]>
    </line>
    <line>
      <![CDATA[Nav to app via URL]]>
    </line>
    <line>
      <![CDATA[Entered un in Untxtfld]]>
    </line>
    <line>
      <![CDATA[Entered pswd in pswdtxtfld]]>
    </line>
    <line>
      <![CDATA[Click on thr login btn]]>
    </line>
    <line>
      <![CDATA[Createorg]]>
    </line>
    <line>
      <![CDATA[click on sign up button-signout]]>
    </line>
    <line>
      <![CDATA[Browser closed]]>
    </line>
  </reporter-output>
  <suite started-at="2026-07-14T12:42:02 IST" name="Suite" finished-at="2026-07-14T12:42:35 IST" duration-ms="33216">
    <groups>
    </groups>
    <test started-at="2026-07-14T12:42:02 IST" name="Test" finished-at="2026-07-14T12:42:35 IST" duration-ms="33216">
      <class name="BatchExecution.TS_01">
        <test-method is-config="true" signature="BrowserSetup()[pri:0, instance:BatchExecution.TS_01@7c6908d7]" started-at="2026-07-14T12:42:21 IST" name="BrowserSetup" finished-at="2026-07-14T12:42:23 IST" duration-ms="2780" status="PASS">
          <reporter-output>
            <line>
              <![CDATA[Browser Opened]]>
            </line>
            <line>
              <![CDATA[Browser Maximized]]>
            </line>
            <line>
              <![CDATA[Nav to app via URL]]>
            </line>
          </reporter-output>
        </test-method> <!-- BrowserSetup -->
        <test-method is-config="true" signature="login()[pri:0, instance:BatchExecution.TS_01@7c6908d7]" started-at="2026-07-14T12:42:23 IST" name="login" finished-at="2026-07-14T12:42:29 IST" duration-ms="5580" status="PASS">
          <reporter-output>
            <line>
              <![CDATA[Entered un in Untxtfld]]>
            </line>
            <line>
              <![CDATA[Entered pswd in pswdtxtfld]]>
            </line>
            <line>
              <![CDATA[Click on thr login btn]]>
            </line>
          </reporter-output>
        </test-method> <!-- login -->
        <test-method signature="create()[pri:0, instance:BatchExecution.TS_01@7c6908d7]" started-at="2026-07-14T12:42:29 IST" name="create" finished-at="2026-07-14T12:42:34 IST" duration-ms="5375" status="PASS">
          <reporter-output>
            <line>
              <![CDATA[Createorg]]>
            </line>
          </reporter-output>
        </test-method> <!-- create -->
        <test-method is-config="true" signature="logout()[pri:0, instance:BatchExecution.TS_01@7c6908d7]" started-at="2026-07-14T12:42:34 IST" name="logout" finished-at="2026-07-14T12:42:35 IST" duration-ms="796" status="PASS">
          <reporter-output>
            <line>
              <![CDATA[click on sign up button-signout]]>
            </line>
          </reporter-output>
        </test-method> <!-- logout -->
        <test-method is-config="true" signature="BrowserTerminate()[pri:0, instance:BatchExecution.TS_01@7c6908d7]" started-at="2026-07-14T12:42:35 IST" name="BrowserTerminate" finished-at="2026-07-14T12:42:35 IST" duration-ms="194" status="PASS">
          <reporter-output>
            <line>
              <![CDATA[Browser closed]]>
            </line>
          </reporter-output>
        </test-method> <!-- BrowserTerminate -->
      </class> <!-- BatchExecution.TS_01 -->
      <class name="BatchExecution.TS_02">
        <test-method is-config="true" signature="BrowserSetup()[pri:0, instance:BatchExecution.TS_02@74e52ef6]" started-at="2026-07-14T12:42:02 IST" name="BrowserSetup" finished-at="2026-07-14T12:42:05 IST" duration-ms="2837" status="PASS">
          <reporter-output>
            <line>
              <![CDATA[Browser Opened]]>
            </line>
            <line>
              <![CDATA[Browser Maximized]]>
            </line>
            <line>
              <![CDATA[Nav to app via URL]]>
            </line>
          </reporter-output>
        </test-method> <!-- BrowserSetup -->
        <test-method is-config="true" signature="login()[pri:0, instance:BatchExecution.TS_02@74e52ef6]" started-at="2026-07-14T12:42:05 IST" name="login" finished-at="2026-07-14T12:42:08 IST" duration-ms="3148" status="PASS">
          <reporter-output>
            <line>
              <![CDATA[Entered un in Untxtfld]]>
            </line>
            <line>
              <![CDATA[Entered pswd in pswdtxtfld]]>
            </line>
            <line>
              <![CDATA[Click on thr login btn]]>
            </line>
          </reporter-output>
        </test-method> <!-- login -->
        <test-method signature="createcontact()[pri:0, instance:BatchExecution.TS_02@74e52ef6]" started-at="2026-07-14T12:42:08 IST" name="createcontact" finished-at="2026-07-14T12:42:10 IST" duration-ms="2211" status="PASS">
          <reporter-output>
            <line>
              <![CDATA[createcontact]]>
            </line>
          </reporter-output>
        </test-method> <!-- createcontact -->
        <test-method is-config="true" signature="logout()[pri:0, instance:BatchExecution.TS_02@74e52ef6]" started-at="2026-07-14T12:42:10 IST" name="logout" finished-at="2026-07-14T12:42:11 IST" duration-ms="822" status="PASS">
          <reporter-output>
            <line>
              <![CDATA[click on sign up button-signout]]>
            </line>
          </reporter-output>
        </test-method> <!-- logout -->
        <test-method is-config="true" signature="BrowserTerminate()[pri:0, instance:BatchExecution.TS_02@74e52ef6]" started-at="2026-07-14T12:42:11 IST" name="BrowserTerminate" finished-at="2026-07-14T12:42:11 IST" duration-ms="199" status="PASS">
          <reporter-output>
            <line>
              <![CDATA[Browser closed]]>
            </line>
          </reporter-output>
        </test-method> <!-- BrowserTerminate -->
      </class> <!-- BatchExecution.TS_02 -->
      <class name="BatchExecution.TS_03">
        <test-method is-config="true" signature="BrowserSetup()[pri:0, instance:BatchExecution.TS_03@198b6731]" started-at="2026-07-14T12:42:11 IST" name="BrowserSetup" finished-at="2026-07-14T12:42:14 IST" duration-ms="2836" status="PASS">
          <reporter-output>
            <line>
              <![CDATA[Browser Opened]]>
            </line>
            <line>
              <![CDATA[Browser Maximized]]>
            </line>
            <line>
              <![CDATA[Nav to app via URL]]>
            </line>
          </reporter-output>
        </test-method> <!-- BrowserSetup -->
        <test-method is-config="true" signature="login()[pri:0, instance:BatchExecution.TS_03@198b6731]" started-at="2026-07-14T12:42:14 IST" name="login" finished-at="2026-07-14T12:42:17 IST" duration-ms="3000" status="PASS">
          <reporter-output>
            <line>
              <![CDATA[Entered un in Untxtfld]]>
            </line>
            <line>
              <![CDATA[Entered pswd in pswdtxtfld]]>
            </line>
            <line>
              <![CDATA[Click on thr login btn]]>
            </line>
          </reporter-output>
        </test-method> <!-- login -->
        <test-method signature="createproduct()[pri:0, instance:BatchExecution.TS_03@198b6731]" started-at="2026-07-14T12:42:17 IST" name="createproduct" finished-at="2026-07-14T12:42:19 IST" duration-ms="1806" status="PASS">
          <reporter-output>
            <line>
              <![CDATA[createproduct]]>
            </line>
          </reporter-output>
        </test-method> <!-- createproduct -->
        <test-method is-config="true" signature="logout()[pri:0, instance:BatchExecution.TS_03@198b6731]" started-at="2026-07-14T12:42:19 IST" name="logout" finished-at="2026-07-14T12:42:20 IST" duration-ms="1418" status="PASS">
          <reporter-output>
            <line>
              <![CDATA[click on sign up button-signout]]>
            </line>
          </reporter-output>
        </test-method> <!-- logout -->
        <test-method is-config="true" signature="BrowserTerminate()[pri:0, instance:BatchExecution.TS_03@198b6731]" started-at="2026-07-14T12:42:20 IST" name="BrowserTerminate" finished-at="2026-07-14T12:42:21 IST" duration-ms="142" status="PASS">
          <reporter-output>
            <line>
              <![CDATA[Browser closed]]>
            </line>
          </reporter-output>
        </test-method> <!-- BrowserTerminate -->
      </class> <!-- BatchExecution.TS_03 -->
    </test> <!-- Test -->
  </suite> <!-- Suite -->
</testng-results>
