<?xml version="1.0" encoding="UTF-8"?>
<!-- Generated by org.testng.reporters.JUnitReportReporter -->
<testsuite hostname="LAPTOP-L8NLIIBA" failures="0" tests="1" name="BatchExecution.TS_02" time="6.181" errors="0" timestamp="2026-07-14T12:42:36 IST" skipped="0">
  <testcase classname="BatchExecution.TS_02" name="createcontact" time="6.181">
    <system-out>
      <![CDATA[createcontact]]>
    </system-out>
  </testcase> <!-- createcontact -->
  <system-out>
    <![CDATA[Browser Opened
Browser Maximized
Nav to app via URL
Entered un in Untxtfld
Entered pswd in pswdtxtfld
Click on thr login btn
createcontact
click on sign up button-signout
Browser closed
Browser Opened
Browser Maximized
Nav to app via URL
Entered un in Untxtfld
Entered pswd in pswdtxtfld
Click on thr login btn
createproduct
click on sign up button-signout
Browser closed
Browser Opened
Browser Maximized
Nav to app via URL
Entered un in Untxtfld
Entered pswd in pswdtxtfld
Click on thr login btn
Createorg
click on sign up button-signout
Browser closed]]>
  </system-out>
</testsuite> <!-- BatchExecution.TS_02 -->
