<?xml version="1.0" encoding="UTF-8"?>
<!-- Generated by org.testng.reporters.JUnitReportReporter -->
<testsuite hostname="LAPTOP-L8NLIIBA" failures="0" tests="2" name="LearningTestNG.Task" time="0.014" errors="0" timestamp="2026-07-13T13:59:28 IST" skipped="0">
  <testcase classname="LearningTestNG.Task" name="CreateOrg" time="0.009">
    <system-out>
      <![CDATA[Create Org]]>
    </system-out>
  </testcase> <!-- CreateOrg -->
  <testcase classname="LearningTestNG.Task" name="UpdateOrg" time="0.005">
    <system-out>
      <![CDATA[update Org]]>
    </system-out>
  </testcase> <!-- UpdateOrg -->
  <system-out>
    <![CDATA[Browser Opened
Browser Maximized
Nav to app via URL
Entered un in Untxtfld
Entered pswd in pswdtxtfld
Click on thr login btn
Create Org
click on sign up button-signout
Entered un in Untxtfld
Entered pswd in pswdtxtfld
Click on thr login btn
update Org
click on sign up button-signout
Browser closed]]>
  </system-out>
</testsuite> <!-- LearningTestNG.Task -->
